mode: set
github.com/pablom07/go-course/internal/forms/errors.go:11.44,13.2 1 1
github.com/pablom07/go-course/internal/forms/errors.go:19.42,25.18 2 1
github.com/pablom07/go-course/internal/forms/errors.go:25.18,27.3 1 1
github.com/pablom07/go-course/internal/forms/errors.go:30.2,30.14 1 1
github.com/pablom07/go-course/internal/forms/forms.go:27.33,35.2 1 1
github.com/pablom07/go-course/internal/forms/forms.go:38.39,40.13 2 1
github.com/pablom07/go-course/internal/forms/forms.go:40.13,43.3 2 1
github.com/pablom07/go-course/internal/forms/forms.go:44.2,44.13 1 1
github.com/pablom07/go-course/internal/forms/forms.go:57.43,60.31 1 1
github.com/pablom07/go-course/internal/forms/forms.go:60.31,66.35 2 1
github.com/pablom07/go-course/internal/forms/forms.go:66.35,71.4 1 1
github.com/pablom07/go-course/internal/forms/forms.go:77.29,79.2 1 1
github.com/pablom07/go-course/internal/forms/forms.go:82.57,84.21 2 1
github.com/pablom07/go-course/internal/forms/forms.go:84.21,87.3 2 1
github.com/pablom07/go-course/internal/forms/forms.go:88.2,88.13 1 1
github.com/pablom07/go-course/internal/forms/forms.go:92.43,95.34 1 1
github.com/pablom07/go-course/internal/forms/forms.go:95.34,97.3 1 1
github.com/pablom07/go-course/internal/forms/forms.go:98.2,98.14 1 1
github.com/pablom07/go-course/cmd/web/main.go:22.13,29.16 2 0
github.com/pablom07/go-course/cmd/web/main.go:29.16,31.3 1 0
github.com/pablom07/go-course/cmd/web/main.go:33.2,42.16 4 0
github.com/pablom07/go-course/cmd/web/main.go:42.16,44.3 1 0
github.com/pablom07/go-course/cmd/web/main.go:47.18,68.16 10 1
github.com/pablom07/go-course/cmd/web/main.go:68.16,71.3 2 0
github.com/pablom07/go-course/cmd/web/main.go:72.2,83.12 6 1
github.com/pablom07/go-course/cmd/web/middleware.go:11.53,12.71 1 0
github.com/pablom07/go-course/cmd/web/middleware.go:12.71,15.3 2 0
github.com/pablom07/go-course/cmd/web/middleware.go:19.45,29.2 3 1
github.com/pablom07/go-course/cmd/web/middleware.go:32.50,34.2 1 1
github.com/pablom07/go-course/cmd/web/routes.go:12.47,44.2 18 1
github.com/pablom07/go-course/internal/render/render.go:32.40,34.2 1 1
github.com/pablom07/go-course/internal/render/render.go:37.84,49.2 5 1
github.com/pablom07/go-course/internal/render/render.go:54.105,59.18 2 1
github.com/pablom07/go-course/internal/render/render.go:59.18,62.3 1 0
github.com/pablom07/go-course/internal/render/render.go:62.8,64.3 1 1
github.com/pablom07/go-course/internal/render/render.go:66.2,68.9 2 1
github.com/pablom07/go-course/internal/render/render.go:68.9,74.3 2 1
github.com/pablom07/go-course/internal/render/render.go:76.2,89.16 4 1
github.com/pablom07/go-course/internal/render/render.go:89.16,92.3 2 0
github.com/pablom07/go-course/internal/render/render.go:95.2,97.16 2 1
github.com/pablom07/go-course/internal/render/render.go:97.16,99.3 1 0
github.com/pablom07/go-course/internal/render/render.go:102.2,102.12 1 1
github.com/pablom07/go-course/internal/render/render.go:107.67,117.16 3 1
github.com/pablom07/go-course/internal/render/render.go:117.16,119.3 1 0
github.com/pablom07/go-course/internal/render/render.go:123.2,123.29 1 1
github.com/pablom07/go-course/internal/render/render.go:123.29,130.17 3 1
github.com/pablom07/go-course/internal/render/render.go:130.17,132.4 1 0
github.com/pablom07/go-course/internal/render/render.go:134.3,136.17 2 1
github.com/pablom07/go-course/internal/render/render.go:136.17,138.4 1 0
github.com/pablom07/go-course/internal/render/render.go:140.3,140.23 1 1
github.com/pablom07/go-course/internal/render/render.go:140.23,142.18 2 1
github.com/pablom07/go-course/internal/render/render.go:142.18,144.5 1 0
github.com/pablom07/go-course/internal/render/render.go:147.3,147.21 1 1
github.com/pablom07/go-course/internal/render/render.go:149.2,149.21 1 1
github.com/pablom07/go-course/internal/handlers/handlers.go:24.47,28.2 1 1
github.com/pablom07/go-course/internal/handlers/handlers.go:31.33,33.2 1 1
github.com/pablom07/go-course/internal/handlers/handlers.go:36.67,47.2 3 1
github.com/pablom07/go-course/internal/handlers/handlers.go:50.68,62.2 5 1
github.com/pablom07/go-course/internal/handlers/handlers.go:65.70,67.2 1 1
github.com/pablom07/go-course/internal/handlers/handlers.go:70.81,72.2 1 1
github.com/pablom07/go-course/internal/handlers/handlers.go:75.79,83.2 3 0
github.com/pablom07/go-course/internal/handlers/handlers.go:99.79,109.16 3 1
github.com/pablom07/go-course/internal/handlers/handlers.go:109.16,111.3 1 0
github.com/pablom07/go-course/internal/handlers/handlers.go:113.2,120.22 3 1
github.com/pablom07/go-course/internal/handlers/handlers.go:125.78,129.16 2 1
github.com/pablom07/go-course/internal/handlers/handlers.go:129.16,132.3 2 0
github.com/pablom07/go-course/internal/handlers/handlers.go:136.2,160.19 6 1
github.com/pablom07/go-course/internal/handlers/handlers.go:160.19,171.3 4 0
github.com/pablom07/go-course/internal/handlers/handlers.go:183.2,191.66 2 1
github.com/pablom07/go-course/internal/handlers/handlers.go:196.78,219.2 4 1
github.com/pablom07/go-course/internal/handlers/handlers.go:222.71,224.2 1 1
github.com/pablom07/go-course/internal/handlers/handlers.go:227.69,229.2 1 1
github.com/pablom07/go-course/internal/handlers/handlers.go:232.72,246.9 2 1
github.com/pablom07/go-course/internal/handlers/handlers.go:246.9,255.3 4 1
github.com/pablom07/go-course/internal/handlers/handlers.go:257.2,269.4 4 0
github.com/pablom07/go-course/internal/handlers/handlers.go:273.67,277.2 3 0
