mode: set
github.com/pablom07/go-course/internal/forms/errors.go:11.44,13.2 1 1
github.com/pablom07/go-course/internal/forms/errors.go:19.42,25.18 2 1
github.com/pablom07/go-course/internal/forms/errors.go:25.18,27.3 1 1
github.com/pablom07/go-course/internal/forms/errors.go:30.2,30.14 1 1
github.com/pablom07/go-course/internal/forms/forms.go:27.33,35.2 1 1
github.com/pablom07/go-course/internal/forms/forms.go:38.39,40.13 2 1
github.com/pablom07/go-course/internal/forms/forms.go:40.13,43.3 2 1
github.com/pablom07/go-course/internal/forms/forms.go:44.2,44.13 1 1
github.com/pablom07/go-course/internal/forms/forms.go:57.43,60.31 1 1
github.com/pablom07/go-course/internal/forms/forms.go:60.31,66.35 2 1
github.com/pablom07/go-course/internal/forms/forms.go:66.35,71.4 1 1
github.com/pablom07/go-course/internal/forms/forms.go:77.29,79.2 1 1
github.com/pablom07/go-course/internal/forms/forms.go:82.57,84.21 2 1
github.com/pablom07/go-course/internal/forms/forms.go:84.21,87.3 2 1
github.com/pablom07/go-course/internal/forms/forms.go:88.2,88.13 1 1
github.com/pablom07/go-course/internal/forms/forms.go:92.43,95.34 1 1
github.com/pablom07/go-course/internal/forms/forms.go:95.34,97.3 1 1
github.com/pablom07/go-course/internal/forms/forms.go:98.2,98.14 1 1
